line 7: Unexpected character: '*' (code = 42 = 052 = \u002a)
{ some more challenging ones **
------------------------------^
resetting to scan a new token
line 7: Unexpected character: '*' (code = 42 = 052 = \u002a)
{ some more challenging ones ***
-------------------------------^
resetting to scan a new token
line 7: Unexpected character: ')' (code = 41 = 051 = \u0029)
{ some more challenging ones *** )
---------------------------------^
resetting to scan a new token
line 7: Unexpected character: ')' (code = 41 = 051 = \u0029)
{ some more challenging ones *** ))
----------------------------------^
resetting to scan a new token
line 7: Unexpected character: ')' (code = 41 = 051 = \u0029)
{ some more challenging ones *** )))
-----------------------------------^
resetting to scan a new token
line 7: Unexpected character: '}' (code = 125 = 175 = \u007d)
{ some more challenging ones *** ))) }
-------------------------------------^
resetting to scan a new token
line 7: Unexpected character: '*' (code = 42 = 052 = \u002a)
{ some more challenging ones *** ))) } g { **
--------------------------------------------^
resetting to scan a new token
line 7: Unexpected character: '*' (code = 42 = 052 = \u002a)
{ some more challenging ones *** ))) } g { ** *
----------------------------------------------^
resetting to scan a new token
line 7: Unexpected character: ')' (code = 41 = 051 = \u0029)
{ some more challenging ones *** ))) } g { ** *)
-----------------------------------------------^
resetting to scan a new token
line 7: Unexpected character: '*' (code = 42 = 052 = \u002a)
{ some more challenging ones *** ))) } g { ** *) h { **
------------------------------------------------------^
resetting to scan a new token
line 7: Unexpected character: '*' (code = 42 = 052 = \u002a)
{ some more challenging ones *** ))) } g { ** *) h { ***
-------------------------------------------------------^
resetting to scan a new token
line 7: Unexpected character: '}' (code = 125 = 175 = \u007d)
{ some more challenging ones *** ))) } g { ** *) h { ***}
--------------------------------------------------------^
resetting to scan a new token
line 7: Unexpected character: '}' (code = 125 = 175 = \u007d)
{ some more challenging ones *** ))) } g { ** *) h { ***} i {*}
--------------------------------------------------------------^
resetting to scan a new token
line 7: Unexpected character: '*' (code = 42 = 052 = \u002a)
{ some more challenging ones *** ))) } g { ** *) h { ***} i {*} j (****
----------------------------------------------------------------------^
resetting to scan a new token
line 7: Unexpected character: '*' (code = 42 = 052 = \u002a)
{ some more challenging ones *** ))) } g { ** *) h { ***} i {*} j (*****
-----------------------------------------------------------------------^
resetting to scan a new token
line 7: Unexpected character: ')' (code = 41 = 051 = \u0029)
{ some more challenging ones *** ))) } g { ** *) h { ***} i {*} j (*****)
------------------------------------------------------------------------^
resetting to scan a new token
line 19: Unexpected character: '_' (code = 95 = 137 = \u005f)
max_
---^
resetting to scan a new token
line 19: Unexpected character: '_' (code = 95 = 137 = \u005f)
max_students a_
--------------^
resetting to scan a new token
line 19: Unexpected character: '_' (code = 95 = 137 = \u005f)
max_students a_b_
----------------^
resetting to scan a new token
line 19: Unexpected character: '_' (code = 95 = 137 = \u005f)
max_students a_b_c A_
--------------------^
resetting to scan a new token
line 19: Unexpected character: '_' (code = 95 = 137 = \u005f)
max_students a_b_c A_b_
----------------------^
resetting to scan a new token
line 28: Unexpected character: '#' (code = 35 = 043 = \u0023)
10#
--^
resetting to scan a new token
line 28: Unexpected character: '#' (code = 35 = 043 = \u0023)
10#99 2#
-------^
resetting to scan a new token
line 28: Unexpected character: '#' (code = 35 = 043 = \u0023)
10#99 2#1001 8#
--------------^
resetting to scan a new token
line 28: Unexpected character: '#' (code = 35 = 043 = \u0023)
10#99 2#1001 8#077 16#
---------------------^
resetting to scan a new token
line 28: Unexpected character: '#' (code = 35 = 043 = \u0023)
10#99 2#1001 8#077 16#beef 36#
-----------------------------^
resetting to scan a new token
line 29: Unexpected character: '#' (code = 35 = 043 = \u0023)
2#
-^
resetting to scan a new token
line 29: Unexpected character: '_' (code = 95 = 137 = \u005f)
2#1000_
------^
resetting to scan a new token
line 29: Unexpected character: '_' (code = 95 = 137 = \u005f)
2#1000_0001 2_
-------------^
resetting to scan a new token
line 29: Unexpected character: '_' (code = 95 = 137 = \u005f)
2#1000_0001 2_000_
-----------------^
resetting to scan a new token
line 29: Unexpected character: '_' (code = 95 = 137 = \u005f)
2#1000_0001 2_000_000 1_
-----------------------^
resetting to scan a new token
line 29: Unexpected character: '_' (code = 95 = 137 = \u005f)
2#1000_0001 2_000_000 1_2_
-------------------------^
resetting to scan a new token
line 29: Unexpected character: '_' (code = 95 = 137 = \u005f)
2#1000_0001 2_000_000 1_2_3_
---------------------------^
resetting to scan a new token
line 33: Unexpected character: '/' (code = 47 = 057 = \u002f)
'Special characters here : (:-)=<===<!!!!;<=>?@[]  ^_`{|}~!#$%&  ()*+,-./
------------------------------------------------------------------------^
resetting to scan a new token
line 33: Unexpected character: '"' (code = 34 = 042 = \u0022)
'Special characters here : (:-)=<===<!!!!;<=>?@[]  ^_`{|}~!#$%&  ()*+,-./:"
--------------------------------------------------------------------------^
resetting to scan a new token
line 38: Unexpected character: '[' (code = 91 = 133 = \u005b)
+-*.:==<><<=>>=,;:..()[
----------------------^
resetting to scan a new token
line 38: Unexpected character: ']' (code = 93 = 135 = \u005d)
+-*.:==<><<=>>=,;:..()[]
-----------------------^
resetting to scan a new token
line 38: Unexpected character: '^' (code = 94 = 136 = \u005e)
+-*.:==<><<=>>=,;:..()[]^
------------------------^
resetting to scan a new token
Exception occurred:
java.lang.IllegalStateException: Operator was not found in the operator table: a,
	at MPC.TokenOp.get(TokenOp.java:89)
	at MPC.MPCScanner.next_token(MPCScanner.java:498)
	at java_cup.runtime.lr_parser.scan(lr_parser.java:349)
	at java_cup.runtime.lr_parser.parse(lr_parser.java:578)
	at MPC.Parse.perform(Parse.java:45)
	at MPC.mpc.main(mpc.java:245)
Aborting ...
