line 5: Integer literal value too large
5000000000
---------^
resetting to scan a new token
line 7: Unexpected character: '#' (code = 35 = 043 = \u0023)
0#
-^
resetting to scan a new token
line 8: Unexpected character: '#' (code = 35 = 043 = \u0023)
1#
-^
resetting to scan a new token
line 9: Unexpected character: '#' (code = 35 = 043 = \u0023)
37#
--^
resetting to scan a new token
line 10: Unexpected character: '#' (code = 35 = 043 = \u0023)
2#
-^
resetting to scan a new token
line 11: Unexpected character: '#' (code = 35 = 043 = \u0023)
2#
-^
resetting to scan a new token
line 12: Unexpected character: '#' (code = 35 = 043 = \u0023)
10#
--^
resetting to scan a new token
line 13: Unexpected character: '#' (code = 35 = 043 = \u0023)
16#
--^
resetting to scan a new token
line 14: Unexpected character: '#' (code = 35 = 043 = \u0023)
16#
--^
resetting to scan a new token
line 15: Unexpected character: '#' (code = 35 = 043 = \u0023)
35#
--^
resetting to scan a new token
line 16: Unexpected character: '#' (code = 35 = 043 = \u0023)
35#
--^
resetting to scan a new token
line 17: Unexpected character: '#' (code = 35 = 043 = \u0023)
35#
--^
resetting to scan a new token
line 18: Unexpected character: '_' (code = 95 = 137 = \u005f)
2_
-^
resetting to scan a new token
line 18: Unexpected character: '_' (code = 95 = 137 = \u005f)
2_000_
-----^
resetting to scan a new token
line 18: Unexpected character: '_' (code = 95 = 137 = \u005f)
2_000_000_
---------^
resetting to scan a new token
line 19: Unexpected character: '#' (code = 35 = 043 = \u0023)
2#
-^
resetting to scan a new token
line 19: Unexpected character: '_' (code = 95 = 137 = \u005f)
2#1000_
------^
resetting to scan a new token
line 20: Unexpected character: '#' (code = 35 = 043 = \u0023)
16#
--^
resetting to scan a new token
line 20: Unexpected character: '_' (code = 95 = 137 = \u005f)
16#dead_
-------^
resetting to scan a new token
line 21: Unexpected character: '#' (code = 35 = 043 = \u0023)
16#
--^
resetting to scan a new token
line 21: Unexpected character: '_' (code = 95 = 137 = \u005f)
16#4ead_
-------^
resetting to scan a new token
line 22: Unexpected character: '_' (code = 95 = 137 = \u005f)
2_
-^
resetting to scan a new token
line 22: Unexpected character: '_' (code = 95 = 137 = \u005f)
2__
--^
resetting to scan a new token
line 23: Unexpected character: '_' (code = 95 = 137 = \u005f)
20_
--^
resetting to scan a new token
line 24: Unexpected character: '#' (code = 35 = 043 = \u0023)
2#
-^
resetting to scan a new token
line 24: Unexpected character: '_' (code = 95 = 137 = \u005f)
2#1_
---^
resetting to scan a new token
line 24: Unexpected character: '_' (code = 95 = 137 = \u005f)
2#1__
----^
resetting to scan a new token
line 25: Unexpected character: '#' (code = 35 = 043 = \u0023)
2#
-^
resetting to scan a new token
line 25: Unexpected character: '_' (code = 95 = 137 = \u005f)
2#10_
----^
resetting to scan a new token
